1539834703769	mozrunner::runner	INFO	Running command: "/Applications/Firefox.app/Contents/MacOS/firefox-bin" "-marionette" "-foreground" "-no-remote" "-profile" "/var/folders/j1/nyn5_rg16_b0_kjk56705d_h0000gn/T/rust_mozprofile.ru6hJFNLHrmv"
2018-10-17 21:51:46.341 plugin-container[60419:4016045] *** CFMessagePort: bootstrap_register(): failed 1100 (0x44c) 'Permission denied', port = 0x8803, name = 'com.apple.tsm.portname'
See /usr/include/servers/bootstrap_defs.h for the error codes.
2018-10-17 21:51:46.726 plugin-container[60420:4016079] *** CFMessagePort: bootstrap_register(): failed 1100 (0x44c) 'Permission denied', port = 0x7243, name = 'com.apple.tsm.portname'
See /usr/include/servers/bootstrap_defs.h for the error codes.
1539834707314	Marionette	INFO	Listening on port 63894
1539834707411	Marionette	WARN	TLS certificate errors will be ignored for this session
1539834707470	Marionette	DEBUG	[4294967297] Frame script loaded
1539834707504	Marionette	DEBUG	[4294967297] Frame script registered
1539834707529	Marionette	DEBUG	[4294967297] Received DOM event beforeunload for about:blank
1539834708319	Marionette	DEBUG	[4294967297] Received DOM event pagehide for about:blank
2018-10-17 21:51:48.699 plugin-container[60421:4016224] *** CFMessagePort: bootstrap_register(): failed 1100 (0x44c) 'Permission denied', port = 0x6c07, name = 'com.apple.tsm.portname'
See /usr/include/servers/bootstrap_defs.h for the error codes.
1539834709933	Marionette	DEBUG	[4294967297] Received DOM event DOMContentLoaded for https://learn.letskodeit.com/p/practice
1539834711246	Marionette	DEBUG	[4294967297] Received DOM event pageshow for https://learn.letskodeit.com/p/practice
1539835004203	Marionette	INFO	Stopped listening on port 63894
1539835011603	mozrunner::runner	INFO	Running command: "/Applications/Firefox.app/Contents/MacOS/firefox-bin" "-marionette" "-foreground" "-no-remote" "-profile" "/var/folders/j1/nyn5_rg16_b0_kjk56705d_h0000gn/T/rust_mozprofile.gPFnj5EzYdWs"
2018-10-17 21:56:53.296 plugin-container[60517:4021745] *** CFMessagePort: bootstrap_register(): failed 1100 (0x44c) 'Permission denied', port = 0x863f, name = 'com.apple.tsm.portname'
See /usr/include/servers/bootstrap_defs.h for the error codes.
2018-10-17 21:56:53.632 plugin-container[60518:4021766] *** CFMessagePort: bootstrap_register(): failed 1100 (0x44c) 'Permission denied', port = 0x763f, name = 'com.apple.tsm.portname'
See /usr/include/servers/bootstrap_defs.h for the error codes.
1539835013982	Marionette	INFO	Listening on port 64022
1539835013998	Marionette	WARN	TLS certificate errors will be ignored for this session
1539835014060	Marionette	DEBUG	[4294967297] Frame script loaded
1539835014062	Marionette	DEBUG	[4294967297] Frame script registered
1539835014089	Marionette	DEBUG	[4294967297] Received DOM event beforeunload for about:blank
2018-10-17 21:56:54.522 plugin-container[60520:4021943] *** CFMessagePort: bootstrap_register(): failed 1100 (0x44c) 'Permission denied', port = 0x8603, name = 'com.apple.tsm.portname'
See /usr/include/servers/bootstrap_defs.h for the error codes.
1539835014568	Marionette	DEBUG	[4294967297] Received DOM event pagehide for about:blank
1539835017458	Marionette	DEBUG	[4294967297] Received DOM event DOMContentLoaded for https://learn.letskodeit.com/p/practice
1539835018544	Marionette	DEBUG	[4294967297] Received DOM event pageshow for https://learn.letskodeit.com/p/practice
1539835042141	Marionette	INFO	Stopped listening on port 64022
1539835595825	mozrunner::runner	INFO	Running command: "/Applications/Firefox.app/Contents/MacOS/firefox-bin" "-marionette" "-foreground" "-no-remote" "-profile" "/var/folders/j1/nyn5_rg16_b0_kjk56705d_h0000gn/T/rust_mozprofile.ZsrWCzDYNNkR"
2018-10-17 22:06:38.165 plugin-container[60620:4031408] *** CFMessagePort: bootstrap_register(): failed 1100 (0x44c) 'Permission denied', port = 0x8943, name = 'com.apple.tsm.portname'
See /usr/include/servers/bootstrap_defs.h for the error codes.
2018-10-17 22:06:38.583 plugin-container[60621:4031442] *** CFMessagePort: bootstrap_register(): failed 1100 (0x44c) 'Permission denied', port = 0x793f, name = 'com.apple.tsm.portname'
See /usr/include/servers/bootstrap_defs.h for the error codes.
1539835598864	Marionette	INFO	Listening on port 64216
1539835598945	Marionette	WARN	TLS certificate errors will be ignored for this session
1539835599004	Marionette	DEBUG	[4294967297] Frame script loaded
1539835599007	Marionette	DEBUG	[4294967297] Frame script registered
1539835599087	Marionette	DEBUG	[4294967297] Received DOM event beforeunload for about:blank
1539835599510	Marionette	DEBUG	[4294967297] Received DOM event pagehide for about:blank
2018-10-17 22:06:39.576 plugin-container[60622:4031574] *** CFMessagePort: bootstrap_register(): failed 1100 (0x44c) 'Permission denied', port = 0x8e43, name = 'com.apple.tsm.portname'
See /usr/include/servers/bootstrap_defs.h for the error codes.
1539835601363	Marionette	DEBUG	[4294967297] Received DOM event DOMContentLoaded for https://learn.letskodeit.com/p/practice
1539835602512	Marionette	DEBUG	[4294967297] Received DOM event pageshow for https://learn.letskodeit.com/p/practice
2018-10-19 20:14:37.664 plugin-container[67381:4953927] *** CFMessagePort: bootstrap_register(): failed 1100 (0x44c) 'Permission denied', port = 0x864b, name = 'com.apple.tsm.portname'
See /usr/include/servers/bootstrap_defs.h for the error codes.
console.error: "_refreshProcess of computed view cancelled"
console.error: "_refreshProcess of computed view cancelled"
JavaScript error: chrome://browser/content/browser-safebrowsing.js, line 16: TypeError: gBrowser is undefined
JavaScript error: resource://gre/modules/PushServiceWebSocket.jsm, line 309: NS_ERROR_NOT_CONNECTED: Component returned failure code: 0x804b000c (NS_ERROR_NOT_CONNECTED) [nsIWebSocketChannel.sendMsg]
[Parent 60619, Gecko_IOThread] WARNING: pipe error: Broken pipe: file /builds/worker/workspace/build/src/ipc/chromium/src/chrome/common/ipc_channel_posix.cc, line 726
1540335782294	Marionette	INFO	Stopped listening on port 64216
